<?xml version="1.0" encoding="UTF-8"?>
<testsuite name="org.example.LibraryTest" tests="1" skipped="0" failures="0" errors="0" timestamp="2024-12-22T18:27:34" hostname="LAPTOP-G8O39TS2" time="0.003">
  <properties/>
  <testcase name="someLibraryMethodReturnsTrue" classname="org.example.LibraryTest" time="0.003"/>
  <system-out><![CDATA[]]></system-out>
  <system-err><![CDATA[]]></system-err>
</testsuite>
